Build started 7/21/2018 1:29:20 AM.
     1>Project "C:\Users\LENOVO\Favorites\Documents\Visual Studio 2012\Projects\PE_FIle_Explorer\PE_FIle_Explorer\PE_FIle_Explorer.vcxproj" on node 2 (Build target(s)).
     1>ClCompile:
         C:\Program Files (x86)\Microsoft Visual Studio 11.0\VC\bin\CL.exe /c /ZI /nologo /W3 /WX- /Od /Oy- /D WIN32 /D _DEBUG /D _CONSOLE /D _UNICODE /D UNICODE /Gm /EHsc /RTC1 /MDd /GS /fp:precise /Zc:wchar_t /Zc:forScope /Fo"Debug\\" /Fd"Debug\vc110.pdb" /Gd /TP /analyze- /errorReport:prompt Source.cpp
         Source.cpp
     1>c:\users\lenovo\favorites\documents\visual studio 2012\projects\pe_file_explorer\pe_file_explorer\source.cpp(282): warning C4996: 'scanf': This function or variable may be unsafe. Consider using scanf_s instead. To disable deprecation, use _CRT_SECURE_NO_WARNINGS. See online help for details.
                 c:\program files (x86)\microsoft visual studio 11.0\vc\include\stdio.h(290) : see declaration of 'scanf'
     1>c:\users\lenovo\favorites\documents\visual studio 2012\projects\pe_file_explorer\pe_file_explorer\source.cpp(284): warning C4996: '_open': This function or variable may be unsafe. Consider using _sopen_s instead. To disable deprecation, use _CRT_SECURE_NO_WARNINGS. See online help for details.
                 c:\program files (x86)\microsoft visual studio 11.0\vc\include\io.h(243) : see declaration of '_open'
     1>c:\users\lenovo\favorites\documents\visual studio 2012\projects\pe_file_explorer\pe_file_explorer\source.cpp(287): warning C4996: 'strerror': This function or variable may be unsafe. Consider using strerror_s instead. To disable deprecation, use _CRT_SECURE_NO_WARNINGS. See online help for details.
                 c:\program files (x86)\microsoft visual studio 11.0\vc\include\string.h(164) : see declaration of 'strerror'
     1>c:\users\lenovo\favorites\documents\visual studio 2012\projects\pe_file_explorer\pe_file_explorer\source.cpp(357): warning C4996: 'scanf': This function or variable may be unsafe. Consider using scanf_s instead. To disable deprecation, use _CRT_SECURE_NO_WARNINGS. See online help for details.
                 c:\program files (x86)\microsoft visual studio 11.0\vc\include\stdio.h(290) : see declaration of 'scanf'
     1>c:\users\lenovo\favorites\documents\visual studio 2012\projects\pe_file_explorer\pe_file_explorer\source.cpp(506): warning C4996: 'lseek': The POSIX name for this item is deprecated. Instead, use the ISO C++ conformant name: _lseek. See online help for details.
                 c:\program files (x86)\microsoft visual studio 11.0\vc\include\io.h(313) : see declaration of 'lseek'
     1>c:\users\lenovo\favorites\documents\visual studio 2012\projects\pe_file_explorer\pe_file_explorer\source.cpp(518): warning C4996: 'close': The POSIX name for this item is deprecated. Instead, use the ISO C++ conformant name: _close. See online help for details.
                 c:\program files (x86)\microsoft visual studio 11.0\vc\include\io.h(305) : see declaration of 'close'
     1>c:\users\lenovo\favorites\documents\visual studio 2012\projects\pe_file_explorer\pe_file_explorer\source.cpp(472): warning C4101: 'ied' : unreferenced local variable
       Link:
         C:\Program Files (x86)\Microsoft Visual Studio 11.0\VC\bin\link.exe /ERRORREPORT:PROMPT /OUT:"C:\Users\LENOVO\Favorites\Documents\Visual Studio 2012\Projects\PE_FIle_Explorer\Debug\PE_FIle_Explorer.exe" /INCREMENTAL /NOLOGO kernel32.lib user32.lib gdi32.lib winspool.lib comdlg32.lib advapi32.lib shell32.lib ole32.lib oleaut32.lib uuid.lib odbc32.lib odbccp32.lib /MANIFEST /MANIFESTUAC:"level='asInvoker' uiAccess='false'" /manifest:embed /DEBUG /PDB:"C:\Users\LENOVO\Favorites\Documents\Visual Studio 2012\Projects\PE_FIle_Explorer\Debug\PE_FIle_Explorer.pdb" /SUBSYSTEM:CONSOLE /TLBID:1 /DYNAMICBASE /NXCOMPAT /IMPLIB:"C:\Users\LENOVO\Favorites\Documents\Visual Studio 2012\Projects\PE_FIle_Explorer\Debug\PE_FIle_Explorer.lib" /MACHINE:X86 Debug\Source.obj
         PE_FIle_Explorer.vcxproj -> C:\Users\LENOVO\Favorites\Documents\Visual Studio 2012\Projects\PE_FIle_Explorer\Debug\PE_FIle_Explorer.exe
     1>Done Building Project "C:\Users\LENOVO\Favorites\Documents\Visual Studio 2012\Projects\PE_FIle_Explorer\PE_FIle_Explorer\PE_FIle_Explorer.vcxproj" (Build target(s)).

Build succeeded.

Time Elapsed 00:00:01.73
